TN:
SF:index.js
FN:6,classify
FN:21,(anonymous_2)
FN:46,(anonymous_3)
FN:50,(anonymous_4)
FN:54,(anonymous_5)
FN:61,(anonymous_6)
FN:65,(anonymous_7)
FN:83,Definition
FN:87,compile
FN:89,(anonymous_10)
FN:93,packet
FN:97,transform
FN:101,pattern
FN:105,createParser
FN:109,createSerializer
FN:113,extend
FN:118,pipeline
FN:150,Parser
FN:156,_length
FN:162,nextField
FN:176,nextValue
FN:201,extract
FN:218,parse
FN:467,flatten
FN:468,(anonymous_25)
FN:479,Serializer
FN:485,_length
FN:490,nextField
FN:511,nextValue
FN:608,serialize
FN:721,_sizeOf
FN:741,offsetsOf
FN:746,dump
FN:752,detokenize
FN:771,(anonymous_35)
FN:779,_element
FN:899,write
FN:1000,createParser
FN:1001,createSerializer
FNF:39
FNH:39
FNDA:474,classify
FNDA:80,(anonymous_2)
FNDA:9,(anonymous_3)
FNDA:71,(anonymous_4)
FNDA:3,(anonymous_5)
FNDA:6,(anonymous_6)
FNDA:3,(anonymous_7)
FNDA:131,Definition
FNDA:124,compile
FNDA:161,(anonymous_10)
FNDA:23,packet
FNDA:1,transform
FNDA:195,pattern
FNDA:2,createParser
FNDA:19,createSerializer
FNDA:131,extend
FNDA:211,pipeline
FNDA:55,Parser
FNDA:45,_length
FNDA:173,nextField
FNDA:399,nextValue
FNDA:94,extract
FNDA:85,parse
FNDA:62,flatten
FNDA:90,(anonymous_25)
FNDA:76,Serializer
FNDA:108,_length
FNDA:171,nextField
FNDA:392,nextValue
FNDA:101,serialize
FNDA:67,_sizeOf
FNDA:17,offsetsOf
FNDA:47,dump
FNDA:55,detokenize
FNDA:8,(anonymous_35)
FNDA:36,_element
FNDA:70,write
FNDA:53,createParser
FNDA:57,createSerializer
DA:1,81
DA:6,81
DA:7,474
DA:8,474
DA:9,1886
DA:10,1886
DA:11,207
DA:13,1679
DA:15,474
DA:19,81
DA:22,80
DA:23,80
DA:24,35
DA:27,35
DA:28,7
DA:29,28
DA:31,7
DA:33,35
DA:34,35
DA:36,45
DA:37,45
DA:38,2
DA:39,6
DA:42,45
DA:47,9
DA:51,71
DA:55,3
DA:56,10
DA:58,3
DA:62,6
DA:66,3
DA:83,81
DA:84,131
DA:85,131
DA:87,131
DA:88,124
DA:89,161
DA:90,124
DA:93,131
DA:94,23
DA:97,131
DA:98,1
DA:101,131
DA:102,195
DA:105,131
DA:106,2
DA:109,131
DA:110,19
DA:113,131
DA:114,131
DA:118,131
DA:119,211
DA:121,211
DA:122,84
DA:123,47
DA:125,37
DA:127,84
DA:128,96
DA:129,96
DA:130,96
DA:131,12
DA:133,96
DA:134,96
DA:135,96
DA:138,211
DA:141,131
DA:143,131
DA:150,81
DA:151,55
DA:156,55
DA:162,55
DA:163,173
DA:164,173
DA:165,173
DA:166,173
DA:167,173
DA:168,173
DA:169,173
DA:170,173
DA:176,55
DA:178,399
DA:181,399
DA:182,7
DA:186,392
DA:188,399
DA:189,399
DA:190,399
DA:191,399
DA:192,399
DA:201,55
DA:202,94
DA:203,94
DA:204,94
DA:205,94
DA:206,94
DA:207,94
DA:209,94
DA:210,94
DA:218,55
DA:221,85
DA:224,85
DA:228,85
DA:229,410
DA:232,410
DA:233,11
DA:234,11
DA:235,11
DA:236,11
DA:237,11
DA:240,11
DA:241,10
DA:244,399
DA:245,16
DA:246,49
DA:247,49
DA:248,49
DA:249,49
DA:250,49
DA:251,34
DA:256,383
DA:257,504
DA:258,504
DA:259,504
DA:260,504
DA:261,504
DA:262,127
DA:275,392
DA:278,392
DA:279,6
DA:280,3
DA:282,3
DA:285,386
DA:286,9
DA:287,9
DA:288,4
DA:289,4
DA:290,2
DA:293,4
DA:294,4
DA:295,4
DA:298,5
DA:299,5
DA:300,2
DA:301,5
DA:306,392
DA:317,402
DA:318,248
DA:319,43
DA:320,43
DA:321,43
DA:322,48
DA:323,1
DA:324,1
DA:327,43
DA:328,42
DA:329,46
DA:331,42
DA:332,42
DA:333,37
DA:335,5
DA:336,5
DA:337,3
DA:338,3
DA:347,399
DA:348,226
DA:356,173
DA:357,167
DA:361,167
DA:362,10
DA:363,10
DA:364,29
DA:365,29
DA:366,29
DA:367,14
DA:368,14
DA:370,14
DA:371,4
DA:372,4
DA:373,1
DA:375,14
DA:383,157
DA:384,5
DA:385,1
DA:386,1
DA:392,152
DA:396,7
DA:397,7
DA:398,12
DA:399,12
DA:402,7
DA:404,7
DA:405,1
DA:406,6
DA:407,6
DA:408,6
DA:409,6
DA:410,6
DA:411,6
DA:412,6
DA:413,6
DA:420,145
DA:421,145
DA:430,166
DA:432,93
DA:433,93
DA:445,93
DA:446,93
DA:447,40
DA:449,53
DA:450,53
DA:451,53
DA:455,73
DA:456,73
DA:461,84
DA:464,55
DA:467,81
DA:468,62
DA:469,90
DA:470,9
DA:471,81
DA:472,60
DA:476,81
DA:479,81
DA:480,76
DA:485,108
DA:490,76
DA:491,171
DA:492,171
DA:493,171
DA:494,171
DA:495,171
DA:496,171
DA:499,171
DA:500,13
DA:501,8
DA:511,76
DA:512,392
DA:513,392
DA:517,392
DA:518,6
DA:521,386
DA:522,21
DA:525,365
DA:526,259
DA:527,52
DA:528,52
DA:530,259
DA:536,106
DA:537,11
DA:538,11
DA:539,29
DA:540,29
DA:541,29
DA:542,17
DA:543,17
DA:544,5
DA:545,5
DA:546,1
DA:547,4
DA:548,1
DA:549,1
DA:552,16
DA:560,95
DA:561,4
DA:562,4
DA:564,91
DA:568,385
DA:570,13
DA:571,6
DA:572,4
DA:574,2
DA:577,7
DA:578,6
DA:579,6
DA:582,6
DA:583,11
DA:584,11
DA:586,6
DA:587,3
DA:588,3
DA:589,6
DA:590,6
DA:591,4
DA:594,6
DA:597,385
DA:598,385
DA:599,385
DA:600,385
DA:601,385
DA:602,385
DA:603,2
DA:608,76
DA:610,101
DA:618,101
DA:622,101
DA:623,101
DA:624,101
DA:625,101
DA:630,101
DA:631,60
DA:632,60
DA:633,81
DA:634,81
DA:635,5
DA:636,5
DA:637,2
DA:639,5
DA:641,5
DA:642,5
DA:643,14
DA:644,14
DA:645,5
DA:649,5
DA:650,5
DA:653,76
DA:655,76
DA:656,10
DA:657,28
DA:658,13
DA:661,66
DA:662,53
DA:666,60
DA:668,41
DA:671,101
DA:675,101
DA:676,8
DA:677,14
DA:681,14
DA:682,3
DA:683,3
DA:684,2
DA:685,4
DA:686,2
DA:690,1
DA:691,2
DA:692,1
DA:696,3
DA:698,3
DA:699,3
DA:700,11
DA:701,11
DA:702,3
DA:706,3
DA:707,3
DA:709,11
DA:712,93
DA:715,101
DA:716,101
DA:721,76
DA:722,67
DA:724,67
DA:725,86
DA:726,17
DA:727,11
DA:729,6
DA:732,69
DA:733,69
DA:735,86
DA:736,86
DA:738,67
DA:741,76
DA:742,17
DA:743,17
DA:746,17
DA:747,47
DA:748,46
DA:752,17
DA:753,55
DA:757,55
DA:758,8
DA:759,2
DA:760,6
DA:761,4
DA:763,2
DA:765,2
DA:768,2
DA:770,47
DA:771,3
DA:772,8
DA:775,44
DA:779,17
DA:780,36
DA:786,36
DA:787,36
DA:788,36
DA:789,22
DA:790,22
DA:792,14
DA:794,36
DA:795,36
DA:798,17
DA:799,17
DA:800,23
DA:801,2
DA:802,2
DA:803,2
DA:804,2
DA:805,2
DA:806,2
DA:807,2
DA:808,2
DA:809,2
DA:810,2
DA:811,2
DA:812,4
DA:814,2
DA:815,2
DA:816,21
DA:817,4
DA:820,4
DA:821,4
DA:822,4
DA:823,12
DA:825,4
DA:829,4
DA:830,4
DA:831,4
DA:832,17
DA:833,2
DA:837,2
DA:838,2
DA:839,6
DA:841,2
DA:842,2
DA:843,2
DA:844,15
DA:845,3
DA:849,3
DA:850,3
DA:851,3
DA:852,3
DA:853,8
DA:854,8
DA:861,8
DA:862,8
DA:863,8
DA:864,8
DA:865,6
DA:866,6
DA:867,6
DA:868,6
DA:869,6
DA:870,8
DA:871,8
DA:872,8
DA:873,8
DA:874,8
DA:875,8
DA:876,6
DA:877,6
DA:879,8
DA:882,8
DA:884,3
DA:885,3
DA:887,12
DA:889,23
DA:891,17
DA:899,76
DA:900,70
DA:901,70
DA:902,70
DA:905,70
DA:906,381
DA:907,6
DA:908,6
DA:909,6
DA:910,6
DA:911,6
DA:915,375
DA:916,12
DA:917,42
DA:918,42
DA:919,42
DA:920,42
DA:921,42
DA:922,31
DA:927,363
DA:928,506
DA:929,506
DA:930,506
DA:931,506
DA:932,506
DA:933,147
DA:939,375
DA:940,244
DA:941,51
DA:942,35
DA:943,16
DA:944,14
DA:946,2
DA:947,2
DA:948,1
DA:949,1
DA:957,193
DA:958,41
DA:959,41
DA:960,41
DA:961,41
DA:962,41
DA:969,374
DA:970,221
DA:977,153
DA:978,83
DA:979,27
DA:983,70
DA:984,70
DA:985,70
DA:986,70
DA:987,70
DA:989,70
DA:990,70
DA:994,70
DA:997,76
DA:1000,81
DA:1001,81
DA:1003,81
LF:516
LH:516
BRDA:10,1,0,207
BRDA:10,1,1,1679
BRDA:23,2,0,35
BRDA:23,2,1,45
BRDA:27,3,0,7
BRDA:27,3,1,28
BRDA:29,4,0,1
BRDA:29,4,1,27
BRDA:37,5,0,2
BRDA:37,5,1,43
BRDA:39,6,0,1
BRDA:39,6,1,5
BRDA:55,7,0,2
BRDA:55,7,1,1
BRDA:62,8,0,2
BRDA:62,8,1,4
BRDA:66,9,0,1
BRDA:66,9,1,2
BRDA:102,10,0,195
BRDA:102,10,1,101
BRDA:121,11,0,84
BRDA:121,11,1,127
BRDA:122,12,0,47
BRDA:122,12,1,37
BRDA:153,13,0,55
BRDA:153,13,1,54
BRDA:168,14,0,173
BRDA:168,14,1,42
BRDA:169,15,0,173
BRDA:169,15,1,114
BRDA:170,16,0,57
BRDA:170,16,1,116
BRDA:170,17,0,173
BRDA:170,17,1,58
BRDA:181,18,0,7
BRDA:181,18,1,392
BRDA:186,19,0,15
BRDA:186,19,1,377
BRDA:190,20,0,1
BRDA:190,20,1,398
BRDA:191,21,0,1
BRDA:191,21,1,398
BRDA:192,22,0,1
BRDA:192,22,1,398
BRDA:221,23,0,85
BRDA:221,23,1,85
BRDA:222,24,0,67
BRDA:222,24,1,18
BRDA:228,25,0,486
BRDA:228,25,1,417
BRDA:232,26,0,11
BRDA:232,26,1,399
BRDA:240,27,0,1
BRDA:240,27,1,10
BRDA:244,28,0,16
BRDA:244,28,1,383
BRDA:250,29,0,15
BRDA:250,29,1,34
BRDA:251,30,0,1
BRDA:251,30,1,33
BRDA:261,31,0,377
BRDA:261,31,1,127
BRDA:262,32,0,6
BRDA:262,32,1,121
BRDA:278,33,0,6
BRDA:278,33,1,386
BRDA:279,34,0,3
BRDA:279,34,1,3
BRDA:285,35,0,9
BRDA:285,35,1,377
BRDA:287,36,0,4
BRDA:287,36,1,5
BRDA:306,37,0,282
BRDA:306,37,1,110
BRDA:317,38,0,248
BRDA:317,38,1,154
BRDA:318,39,0,43
BRDA:318,39,1,205
BRDA:322,40,0,1
BRDA:322,40,1,47
BRDA:327,41,0,42
BRDA:327,41,1,1
BRDA:332,42,0,37
BRDA:332,42,1,5
BRDA:336,43,0,3
BRDA:336,43,1,2
BRDA:347,44,0,226
BRDA:347,44,1,173
BRDA:356,45,0,167
BRDA:356,45,1,6
BRDA:361,46,0,10
BRDA:361,46,1,157
BRDA:366,47,0,14
BRDA:366,47,1,15
BRDA:370,48,0,4
BRDA:370,48,1,10
BRDA:372,49,0,1
BRDA:372,49,1,3
BRDA:383,50,0,5
BRDA:383,50,1,152
BRDA:384,51,0,1
BRDA:384,51,1,4
BRDA:392,52,0,7
BRDA:392,52,1,145
BRDA:399,53,0,7
BRDA:399,53,1,5
BRDA:399,54,0,12
BRDA:399,54,1,12
BRDA:399,54,2,10
BRDA:404,55,0,1
BRDA:404,55,1,6
BRDA:420,56,0,50
BRDA:420,56,1,95
BRDA:430,57,0,93
BRDA:430,57,1,73
BRDA:446,58,0,40
BRDA:446,58,1,53
BRDA:469,59,0,9
BRDA:469,59,1,81
BRDA:471,60,0,60
BRDA:471,60,1,21
BRDA:471,61,0,81
BRDA:471,61,1,78
BRDA:483,62,0,76
BRDA:483,62,1,76
BRDA:499,63,0,13
BRDA:499,63,1,158
BRDA:500,64,0,8
BRDA:500,64,1,5
BRDA:517,65,0,6
BRDA:517,65,1,386
BRDA:517,66,0,392
BRDA:517,66,1,17
BRDA:521,67,0,21
BRDA:521,67,1,365
BRDA:525,68,0,259
BRDA:525,68,1,106
BRDA:526,69,0,52
BRDA:526,69,1,207
BRDA:536,70,0,11
BRDA:536,70,1,95
BRDA:541,71,0,17
BRDA:541,71,1,12
BRDA:541,72,0,29
BRDA:541,72,1,15
BRDA:542,73,0,3
BRDA:542,73,1,14
BRDA:543,74,0,5
BRDA:543,74,1,12
BRDA:545,75,0,1
BRDA:545,75,1,4
BRDA:545,76,0,5
BRDA:545,76,1,5
BRDA:547,77,0,1
BRDA:547,77,1,3
BRDA:560,78,0,4
BRDA:560,78,1,91
BRDA:568,79,0,13
BRDA:568,79,1,372
BRDA:570,80,0,6
BRDA:570,80,1,7
BRDA:571,81,0,4
BRDA:571,81,1,2
BRDA:577,82,0,6
BRDA:577,82,1,1
BRDA:586,83,0,3
BRDA:586,83,1,3
BRDA:590,84,0,2
BRDA:590,84,1,4
BRDA:599,85,0,5
BRDA:599,85,1,380
BRDA:600,86,0,5
BRDA:600,86,1,380
BRDA:601,87,0,5
BRDA:601,87,1,380
BRDA:602,88,0,2
BRDA:602,88,1,383
BRDA:602,89,0,385
BRDA:602,89,1,225
BRDA:613,90,0,27
BRDA:613,90,1,74
BRDA:618,91,0,101
BRDA:618,91,1,93
BRDA:618,91,2,50
BRDA:630,92,0,60
BRDA:630,92,1,41
BRDA:634,93,0,5
BRDA:634,93,1,76
BRDA:636,94,0,2
BRDA:636,94,1,3
BRDA:644,95,0,5
BRDA:644,95,1,9
BRDA:644,96,0,14
BRDA:644,96,1,10
BRDA:655,97,0,10
BRDA:655,97,1,66
BRDA:657,98,0,13
BRDA:657,98,1,15
BRDA:661,99,0,53
BRDA:661,99,1,13
BRDA:661,100,0,66
BRDA:661,100,1,64
BRDA:675,101,0,8
BRDA:675,101,1,93
BRDA:681,102,0,3
BRDA:681,102,1,11
BRDA:683,103,0,2
BRDA:683,103,1,1
BRDA:685,104,0,2
BRDA:685,104,1,2
BRDA:691,105,0,1
BRDA:691,105,1,1
BRDA:701,106,0,3
BRDA:701,106,1,8
BRDA:701,107,0,11
BRDA:701,107,1,7
BRDA:725,108,0,17
BRDA:725,108,1,69
BRDA:726,109,0,11
BRDA:726,109,1,6
BRDA:732,110,0,69
BRDA:732,110,1,9
BRDA:742,111,0,16
BRDA:742,111,1,1
BRDA:747,112,0,46
BRDA:747,112,1,1
BRDA:753,113,0,3
BRDA:753,113,1,52
BRDA:753,114,0,55
BRDA:753,114,1,4
BRDA:756,115,0,54
BRDA:756,115,1,1
BRDA:757,116,0,8
BRDA:757,116,1,47
BRDA:758,117,0,2
BRDA:758,117,1,6
BRDA:760,118,0,4
BRDA:760,118,1,2
BRDA:761,119,0,2
BRDA:761,119,1,2
BRDA:770,120,0,3
BRDA:770,120,1,44
BRDA:772,121,0,2
BRDA:772,121,1,6
BRDA:780,122,0,22
BRDA:780,122,1,14
BRDA:786,123,0,19
BRDA:786,123,1,17
BRDA:787,124,0,2
BRDA:787,124,1,34
BRDA:788,125,0,22
BRDA:788,125,1,14
BRDA:800,126,0,2
BRDA:800,126,1,21
BRDA:804,127,0,1
BRDA:804,127,1,1
BRDA:816,128,0,4
BRDA:816,128,1,17
BRDA:820,129,0,2
BRDA:820,129,1,2
BRDA:832,130,0,2
BRDA:832,130,1,15
BRDA:837,131,0,1
BRDA:837,131,1,1
BRDA:844,132,0,3
BRDA:844,132,1,12
BRDA:861,133,0,5
BRDA:861,133,1,3
BRDA:862,134,0,3
BRDA:862,134,1,5
BRDA:864,135,0,6
BRDA:864,135,1,2
BRDA:875,136,0,6
BRDA:875,136,1,2
BRDA:900,137,0,70
BRDA:900,137,1,68
BRDA:901,138,0,66
BRDA:901,138,1,4
BRDA:905,139,0,445
BRDA:905,139,1,387
BRDA:906,140,0,6
BRDA:906,140,1,375
BRDA:911,141,0,1
BRDA:911,141,1,5
BRDA:915,142,0,12
BRDA:915,142,1,363
BRDA:921,143,0,11
BRDA:921,143,1,31
BRDA:922,144,0,1
BRDA:922,144,1,30
BRDA:932,145,0,359
BRDA:932,145,1,147
BRDA:933,146,0,4
BRDA:933,146,1,143
BRDA:939,147,0,244
BRDA:939,147,1,131
BRDA:940,148,0,51
BRDA:940,148,1,193
BRDA:941,149,0,35
BRDA:941,149,1,16
BRDA:943,150,0,14
BRDA:943,150,1,2
BRDA:947,151,0,1
BRDA:947,151,1,1
BRDA:957,152,0,41
BRDA:957,152,1,152
BRDA:969,153,0,221
BRDA:969,153,1,153
BRDA:977,154,0,83
BRDA:977,154,1,70
BRDA:978,155,0,27
BRDA:978,155,1,56
BRF:312
BRH:312
end_of_record
TN:
SF:pattern.js
FN:10,error
FN:25,compileRegularExpressions
FN:46,number
FN:81,condition
FN:109,never
FN:118,always
FN:127,alternates
FN:185,parse
FN:274,(anonymous_9)
FN:470,(anonymous_10)
FNF:10
FNH:10
FNDA:29,error
FNDA:152,compileRegularExpressions
FNDA:86,number
FNDA:61,condition
FNDA:26,never
FNDA:154,always
FNDA:30,alternates
FNDA:298,parse
FNDA:89,(anonymous_9)
FNDA:198,(anonymous_10)
DA:10,152
DA:11,29
DA:12,29
DA:13,2
DA:14,2
DA:15,2
DA:17,27
DA:21,152
DA:23,152
DA:25,152
DA:26,152
DA:27,152
DA:28,152
DA:29,760
DA:30,63992
DA:32,760
DA:33,608
DA:34,608
DA:35,7600
DA:37,608
DA:42,152
DA:46,152
DA:47,86
DA:63,86
DA:64,2
DA:66,84
DA:70,84
DA:72,84
DA:81,152
DA:82,61
DA:83,60
DA:84,13
DA:85,1
DA:86,12
DA:87,12
DA:89,47
DA:90,25
DA:91,24
DA:92,1
DA:93,23
DA:94,23
DA:95,23
DA:97,22
DA:98,22
DA:101,57
DA:102,57
DA:103,1
DA:104,56
DA:109,152
DA:110,26
DA:118,152
DA:119,154
DA:127,152
DA:128,30
DA:130,30
DA:131,71
DA:132,71
DA:133,71
DA:137,71
DA:138,51
DA:140,51
DA:141,51
DA:146,46
DA:147,35
DA:148,10
DA:150,25
DA:155,11
DA:156,1
DA:157,1
DA:161,45
DA:162,45
DA:166,65
DA:167,41
DA:169,24
DA:171,65
DA:174,65
DA:175,65
DA:178,65
DA:185,152
DA:186,298
DA:188,298
DA:192,298
DA:193,298
DA:195,436
DA:201,436
DA:202,8
DA:203,428
DA:204,1
DA:207,427
DA:210,427
DA:218,427
DA:219,427
DA:222,427
DA:223,1
DA:224,426
DA:225,3
DA:226,423
DA:227,1
DA:230,422
DA:231,422
DA:235,422
DA:236,422
DA:237,422
DA:243,422
DA:244,35
DA:246,35
DA:248,35
DA:269,34
DA:270,34
DA:274,89
DA:276,34
DA:277,1
DA:279,33
DA:280,1
DA:283,387
DA:284,25
DA:285,25
DA:286,25
DA:287,25
DA:292,25
DA:293,11
DA:297,25
DA:298,25
DA:299,19
DA:302,19
DA:303,5
DA:304,5
DA:305,5
DA:310,19
DA:317,362
DA:318,10
DA:319,10
DA:320,10
DA:321,10
DA:322,10
DA:323,10
DA:324,10
DA:326,10
DA:329,352
DA:330,352
DA:331,352
DA:333,342
DA:334,29
DA:335,29
DA:336,29
DA:337,29
DA:338,1
DA:339,28
DA:340,28
DA:345,351
DA:346,37
DA:347,37
DA:348,37
DA:349,1
DA:351,36
DA:355,350
DA:356,59
DA:357,59
DA:358,59
DA:359,9
DA:360,9
DA:361,9
DA:362,9
DA:363,16
DA:376,16
DA:377,2
DA:378,14
DA:380,14
DA:381,14
DA:382,14
DA:383,2
DA:384,2
DA:386,12
DA:387,12
DA:389,14
DA:390,1
DA:391,13
DA:392,13
DA:393,13
DA:394,13
DA:395,6
DA:396,6
DA:400,50
DA:402,56
DA:403,56
DA:407,347
DA:408,52
DA:409,52
DA:410,52
DA:411,52
DA:416,52
DA:417,29
DA:426,29
DA:427,29
DA:428,29
DA:429,29
DA:431,29
DA:434,52
DA:435,52
DA:439,347
DA:440,53
DA:441,53
DA:442,53
DA:443,53
DA:445,294
DA:450,398
DA:453,398
DA:456,128
DA:457,128
DA:458,128
DA:460,270
DA:461,2
DA:463,268
DA:470,152
DA:471,198
DA:473,198
LF:216
LH:216
BRDA:12,1,0,2
BRDA:12,1,1,27
BRDA:14,2,0,1
BRDA:14,2,1,1
BRDA:29,3,0,64752
BRDA:29,3,1,64144
BRDA:32,4,0,608
BRDA:32,4,1,152
BRDA:37,5,0,608
BRDA:37,5,1,456
BRDA:63,6,0,2
BRDA:63,6,1,84
BRDA:68,7,0,34
BRDA:68,7,1,50
BRDA:83,8,0,13
BRDA:83,8,1,47
BRDA:84,9,0,1
BRDA:84,9,1,12
BRDA:89,10,0,25
BRDA:89,10,1,22
BRDA:91,11,0,1
BRDA:91,11,1,23
BRDA:101,12,0,57
BRDA:101,12,1,34
BRDA:102,13,0,1
BRDA:102,13,1,56
BRDA:133,14,0,45
BRDA:133,14,1,26
BRDA:137,15,0,51
BRDA:137,15,1,20
BRDA:146,16,0,35
BRDA:146,16,1,11
BRDA:147,17,0,10
BRDA:147,17,1,25
BRDA:155,18,0,1
BRDA:155,18,1,10
BRDA:162,19,0,10
BRDA:162,19,1,35
BRDA:166,20,0,41
BRDA:166,20,1,24
BRDA:188,21,0,298
BRDA:188,21,1,263
BRDA:201,22,0,8
BRDA:201,22,1,428
BRDA:203,23,0,1
BRDA:203,23,1,427
BRDA:211,24,0,427
BRDA:211,24,1,399
BRDA:214,25,0,427
BRDA:214,25,1,412
BRDA:218,26,0,28
BRDA:218,26,1,399
BRDA:222,27,0,1
BRDA:222,27,1,426
BRDA:224,28,0,3
BRDA:224,28,1,423
BRDA:226,29,0,1
BRDA:226,29,1,422
BRDA:226,30,0,423
BRDA:226,30,1,14
BRDA:226,31,0,14
BRDA:226,31,1,7
BRDA:231,32,0,14
BRDA:231,32,1,408
BRDA:235,33,0,1
BRDA:235,33,1,421
BRDA:235,34,0,422
BRDA:235,34,1,1
BRDA:237,35,0,422
BRDA:237,35,1,381
BRDA:237,35,2,362
BRDA:243,36,0,35
BRDA:243,36,1,387
BRDA:276,37,0,1
BRDA:276,37,1,33
BRDA:279,38,0,1
BRDA:279,38,1,32
BRDA:283,39,0,25
BRDA:283,39,1,362
BRDA:292,40,0,11
BRDA:292,40,1,14
BRDA:302,41,0,5
BRDA:302,41,1,14
BRDA:317,42,0,10
BRDA:317,42,1,352
BRDA:331,43,0,342
BRDA:331,43,1,10
BRDA:333,44,0,29
BRDA:333,44,1,313
BRDA:337,45,0,1
BRDA:337,45,1,28
BRDA:345,46,0,37
BRDA:345,46,1,314
BRDA:348,47,0,1
BRDA:348,47,1,36
BRDA:355,48,0,59
BRDA:355,48,1,291
BRDA:358,49,0,9
BRDA:358,49,1,50
BRDA:376,50,0,2
BRDA:376,50,1,14
BRDA:382,51,0,2
BRDA:382,51,1,12
BRDA:389,52,0,1
BRDA:389,52,1,13
BRDA:394,53,0,6
BRDA:394,53,1,7
BRDA:403,54,0,42
BRDA:403,54,1,14
BRDA:434,55,0,42
BRDA:434,55,1,10
BRDA:439,56,0,53
BRDA:439,56,1,294
BRDA:453,57,0,270
BRDA:453,57,1,128
BRDA:460,58,0,2
BRDA:460,58,1,268
BRF:117
BRH:117
end_of_record
