TN:
SF:index.js
FN:6,classify
FN:21,(anonymous_2)
FN:46,(anonymous_3)
FN:50,(anonymous_4)
FN:54,(anonymous_5)
FN:61,(anonymous_6)
FN:65,(anonymous_7)
FN:83,Source
FN:89,(anonymous_9)
FN:93,(anonymous_10)
FN:97,(anonymous_11)
FN:101,(anonymous_12)
FN:107,(anonymous_13)
FN:112,(anonymous_14)
FN:119,(anonymous_15)
FN:131,(anonymous_16)
FN:132,(anonymous_17)
FN:137,(anonymous_18)
FN:142,(anonymous_19)
FN:149,(anonymous_20)
FN:155,(anonymous_21)
FN:169,(anonymous_22)
FN:177,Definition
FN:183,(anonymous_24)
FN:188,precompile
FN:191,unsigned
FN:233,floating
FN:260,element
FN:269,rangeCheck
FN:291,fix
FN:295,unfix
FN:298,doRangeCheck
FN:315,unravel
FN:328,(anonymous_34)
FN:457,(anonymous_35)
FN:492,(anonymous_36)
FN:493,(anonymous_37)
FN:534,(anonymous_38)
FN:535,(anonymous_39)
FN:570,(anonymous_40)
FN:597,compile
FN:599,(anonymous_42)
FN:604,packet
FN:608,transform
FN:612,pattern
FN:616,createParser
FN:621,createSerializer
FN:626,extend
FN:631,pipeline
FN:660,Parser
FN:673,extract
FN:690,isNamed
FN:692,(anonymous_53)
FN:698,incremental
FN:706,(anonymous_55)
FN:723,createGenericParser
FN:732,nextField
FN:745,nextValue
FN:768,(anonymous_59)
FN:996,flatten
FN:997,(anonymous_61)
FN:1008,Serializer
FN:1014,_length
FN:1019,nextField
FN:1040,nextValue
FN:1137,serialize
FN:1254,_sizeOf
FN:1274,offsetsOf
FN:1279,dump
FN:1285,detokenize
FN:1312,(anonymous_71)
FN:1320,_element
FN:1441,write
FN:1540,createParser
FN:1544,createSerializer
FNF:75
FNH:73
FNDA:623,classify
FNDA:82,(anonymous_2)
FNDA:9,(anonymous_3)
FNDA:73,(anonymous_4)
FNDA:3,(anonymous_5)
FNDA:6,(anonymous_6)
FNDA:3,(anonymous_7)
FNDA:1335,Source
FNDA:542,(anonymous_9)
FNDA:542,(anonymous_10)
FNDA:5252,(anonymous_11)
FNDA:5478,(anonymous_12)
FNDA:963,(anonymous_13)
FNDA:1203,(anonymous_14)
FNDA:7778,(anonymous_15)
FNDA:1681,(anonymous_16)
FNDA:1141,(anonymous_17)
FNDA:410,(anonymous_18)
FNDA:2664,(anonymous_19)
FNDA:1170,(anonymous_20)
FNDA:177,(anonymous_21)
FNDA:177,(anonymous_22)
FNDA:180,Definition
FNDA:102,(anonymous_24)
FNDA:178,precompile
FNDA:284,unsigned
FNDA:34,floating
FNDA:318,element
FNDA:227,rangeCheck
FNDA:34,fix
FNDA:0,unfix
FNDA:61,doRangeCheck
FNDA:304,unravel
FNDA:71,(anonymous_34)
FNDA:12,(anonymous_35)
FNDA:33,(anonymous_36)
FNDA:8,(anonymous_37)
FNDA:2,(anonymous_38)
FNDA:0,(anonymous_39)
FNDA:130,(anonymous_40)
FNDA:178,compile
FNDA:239,(anonymous_42)
FNDA:105,packet
FNDA:1,transform
FNDA:250,pattern
FNDA:2,createParser
FNDA:20,createSerializer
FNDA:180,extend
FNDA:126,pipeline
FNDA:103,Parser
FNDA:148,extract
FNDA:247,isNamed
FNDA:30,(anonymous_53)
FNDA:38,incremental
FNDA:100,(anonymous_55)
FNDA:39,createGenericParser
FNDA:62,nextField
FNDA:106,nextValue
FNDA:79,(anonymous_59)
FNDA:107,flatten
FNDA:152,(anonymous_61)
FNDA:77,Serializer
FNDA:108,_length
FNDA:172,nextField
FNDA:393,nextValue
FNDA:102,serialize
FNDA:67,_sizeOf
FNDA:18,offsetsOf
FNDA:48,dump
FNDA:58,detokenize
FNDA:10,(anonymous_71)
FNDA:36,_element
FNDA:70,write
FNDA:101,createParser
FNDA:57,createSerializer
DA:1,83
DA:6,83
DA:7,623
DA:8,623
DA:9,2274
DA:10,2274
DA:11,154
DA:13,2120
DA:15,623
DA:19,83
DA:22,82
DA:23,82
DA:24,37
DA:27,37
DA:28,7
DA:29,28
DA:31,7
DA:33,37
DA:34,37
DA:36,45
DA:37,45
DA:38,2
DA:39,6
DA:42,45
DA:47,9
DA:51,73
DA:55,3
DA:56,10
DA:58,3
DA:62,6
DA:66,3
DA:83,83
DA:84,1335
DA:85,1335
DA:86,1335
DA:89,83
DA:90,542
DA:93,83
DA:94,542
DA:97,83
DA:98,5252
DA:101,83
DA:102,5478
DA:103,5478
DA:104,1239
DA:107,83
DA:108,963
DA:109,963
DA:112,83
DA:113,1203
DA:114,1013
DA:115,1013
DA:117,1203
DA:118,1013
DA:119,1013
DA:120,7778
DA:123,190
DA:124,190
DA:126,1203
DA:127,1203
DA:128,1203
DA:131,83
DA:132,1681
DA:133,1141
DA:137,83
DA:138,410
DA:139,410
DA:140,410
DA:141,410
DA:142,410
DA:143,2664
DA:144,2664
DA:145,531
DA:149,83
DA:150,1170
DA:151,1170
DA:152,1170
DA:155,83
DA:156,177
DA:157,177
DA:158,177
DA:159,177
DA:160,177
DA:161,177
DA:163,177
DA:164,177
DA:165,177
DA:166,177
DA:169,83
DA:170,177
DA:171,177
DA:173,0
DA:177,83
DA:178,180
DA:179,180
DA:180,180
DA:181,180
DA:183,180
DA:184,102
DA:188,83
DA:189,178
DA:191,83
DA:192,284
DA:199,284
DA:200,284
DA:201,284
DA:202,14
DA:203,14
DA:204,14
DA:206,270
DA:208,284
DA:209,284
DA:210,443
DA:211,21
DA:213,422
DA:215,443
DA:216,443
DA:217,443
DA:218,443
DA:219,190
DA:221,253
DA:223,443
DA:225,284
DA:226,284
DA:227,284
DA:228,14
DA:230,284
DA:233,83
DA:234,34
DA:243,34
DA:244,34
DA:245,6
DA:247,28
DA:248,28
DA:249,140
DA:250,140
DA:251,140
DA:252,140
DA:254,28
DA:255,28
DA:257,34
DA:260,83
DA:261,318
DA:263,34
DA:265,284
DA:269,83
DA:270,227
DA:271,227
DA:276,227
DA:277,227
DA:280,177
DA:281,177
DA:282,177
DA:283,177
DA:284,177
DA:285,177
DA:286,177
DA:287,177
DA:289,177
DA:291,83
DA:292,34
DA:295,83
DA:298,83
DA:299,61
DA:300,61
DA:301,61
DA:302,61
DA:303,61
DA:314,177
DA:315,83
DA:316,304
DA:317,297
DA:318,16
DA:319,16
DA:320,16
DA:321,16
DA:322,16
DA:323,16
DA:324,16
DA:325,16
DA:326,16
DA:327,16
DA:328,16
DA:329,71
DA:330,71
DA:331,71
DA:332,10
DA:334,61
DA:335,9
DA:336,9
DA:337,9
DA:338,9
DA:340,9
DA:341,9
DA:342,9
DA:343,9
DA:344,9
DA:345,9
DA:346,9
DA:347,9
DA:348,52
DA:349,16
DA:350,16
DA:351,16
DA:352,16
DA:354,16
DA:355,16
DA:356,16
DA:357,16
DA:358,16
DA:359,16
DA:360,16
DA:361,16
DA:362,36
DA:363,29
DA:364,16
DA:365,16
DA:366,16
DA:367,16
DA:369,13
DA:371,13
DA:372,13
DA:373,13
DA:374,13
DA:375,13
DA:376,13
DA:377,13
DA:378,13
DA:382,7
DA:383,7
DA:384,7
DA:385,7
DA:386,7
DA:387,7
DA:388,7
DA:389,7
DA:390,7
DA:391,7
DA:392,7
DA:393,7
DA:394,7
DA:397,16
DA:398,281
DA:399,34
DA:400,34
DA:401,34
DA:402,247
DA:403,59
DA:404,59
DA:405,7
DA:406,7
DA:407,7
DA:408,7
DA:409,7
DA:410,7
DA:411,7
DA:412,7
DA:413,7
DA:414,7
DA:415,7
DA:416,52
DA:417,36
DA:418,36
DA:419,6
DA:420,6
DA:421,6
DA:422,6
DA:424,36
DA:425,36
DA:426,36
DA:427,36
DA:428,36
DA:429,36
DA:430,30
DA:431,30
DA:432,10
DA:434,30
DA:435,30
DA:436,30
DA:438,0
DA:440,30
DA:441,30
DA:442,30
DA:443,30
DA:444,30
DA:445,30
DA:447,6
DA:448,6
DA:449,6
DA:450,6
DA:452,0
DA:454,6
DA:455,3
DA:457,6
DA:458,12
DA:461,6
DA:462,6
DA:470,6
DA:471,6
DA:473,36
DA:474,36
DA:475,36
DA:478,13
DA:479,13
DA:480,13
DA:481,13
DA:483,36
DA:485,16
DA:486,16
DA:487,64
DA:489,16
DA:491,59
DA:492,25
DA:493,33
DA:494,8
DA:496,33
DA:499,59
DA:501,188
DA:502,188
DA:503,24
DA:504,24
DA:505,24
DA:506,24
DA:507,63
DA:508,63
DA:509,63
DA:510,29
DA:511,7
DA:512,7
DA:514,22
DA:516,29
DA:517,29
DA:518,29
DA:519,29
DA:520,7
DA:521,7
DA:522,7
DA:523,7
DA:524,7
DA:525,7
DA:528,63
DA:531,164
DA:532,2
DA:533,2
DA:534,2
DA:535,2
DA:536,0
DA:538,2
DA:540,2
DA:542,162
DA:545,188
DA:547,297
DA:548,297
DA:549,36
DA:550,0
DA:551,0
DA:553,36
DA:554,36
DA:557,177
DA:559,177
DA:560,124
DA:561,124
DA:562,124
DA:563,124
DA:564,124
DA:566,53
DA:569,177
DA:570,130
DA:573,177
DA:574,177
DA:577,177
DA:591,177
DA:592,177
DA:594,177
DA:597,83
DA:598,178
DA:599,239
DA:600,178
DA:601,178
DA:604,83
DA:605,105
DA:608,83
DA:609,1
DA:612,83
DA:613,250
DA:616,83
DA:617,2
DA:618,2
DA:621,83
DA:622,20
DA:623,20
DA:626,83
DA:627,180
DA:631,83
DA:632,126
DA:634,126
DA:635,53
DA:636,47
DA:638,6
DA:640,53
DA:641,61
DA:642,61
DA:643,61
DA:644,8
DA:646,61
DA:647,61
DA:648,61
DA:651,126
DA:654,180
DA:660,83
DA:661,103
DA:665,103
DA:673,83
DA:674,148
DA:675,148
DA:676,148
DA:677,148
DA:678,148
DA:679,148
DA:690,83
DA:691,247
DA:693,30
DA:696,148
DA:698,83
DA:699,38
DA:700,38
DA:703,148
DA:704,47
DA:706,101
DA:707,100
DA:708,100
DA:709,100
DA:713,148
DA:714,147
DA:716,1
DA:720,103
DA:723,83
DA:724,39
DA:732,83
DA:733,62
DA:734,62
DA:735,62
DA:736,62
DA:737,62
DA:738,62
DA:739,62
DA:745,83
DA:747,106
DA:750,106
DA:751,1
DA:755,105
DA:757,106
DA:758,106
DA:759,106
DA:760,106
DA:761,106
DA:764,39
DA:765,39
DA:768,39
DA:771,79
DA:772,79
DA:776,79
DA:777,121
DA:780,121
DA:781,2
DA:782,2
DA:783,2
DA:784,2
DA:785,2
DA:788,2
DA:789,1
DA:792,119
DA:793,20
DA:794,64
DA:795,64
DA:796,64
DA:797,64
DA:798,64
DA:799,52
DA:804,99
DA:805,138
DA:806,138
DA:807,138
DA:808,138
DA:809,138
DA:810,45
DA:823,105
DA:826,105
DA:827,12
DA:828,8
DA:830,4
DA:833,93
DA:834,0
DA:835,0
DA:836,0
DA:837,0
DA:838,0
DA:841,0
DA:842,0
DA:843,0
DA:846,0
DA:847,0
DA:848,0
DA:849,0
DA:854,105
DA:865,106
DA:866,42
DA:867,6
DA:868,6
DA:869,6
DA:870,6
DA:871,0
DA:872,0
DA:875,6
DA:876,6
DA:877,6
DA:879,6
DA:880,6
DA:881,6
DA:883,0
DA:884,0
DA:885,0
DA:886,0
DA:895,106
DA:896,44
DA:904,62
DA:905,61
DA:909,61
DA:910,0
DA:911,0
DA:912,0
DA:913,0
DA:914,0
DA:915,0
DA:916,0
DA:918,0
DA:919,0
DA:920,0
DA:921,0
DA:923,0
DA:931,61
DA:932,0
DA:933,0
DA:934,0
DA:940,61
DA:944,0
DA:945,0
DA:946,0
DA:947,0
DA:950,0
DA:952,0
DA:953,0
DA:954,0
DA:955,0
DA:956,0
DA:957,0
DA:958,0
DA:959,0
DA:960,0
DA:967,61
DA:968,61
DA:977,62
DA:978,39
DA:979,39
DA:980,39
DA:981,39
DA:982,9
DA:986,23
DA:987,23
DA:992,79
DA:996,83
DA:997,107
DA:998,152
DA:999,7
DA:1000,145
DA:1001,126
DA:1005,83
DA:1008,83
DA:1009,77
DA:1014,108
DA:1019,83
DA:1020,172
DA:1021,172
DA:1022,172
DA:1023,172
DA:1024,172
DA:1025,172
DA:1028,172
DA:1029,13
DA:1030,9
DA:1040,83
DA:1041,393
DA:1042,393
DA:1046,393
DA:1047,5
DA:1050,388
DA:1051,22
DA:1054,366
DA:1055,259
DA:1056,52
DA:1057,52
DA:1059,259
DA:1065,107
DA:1066,12
DA:1067,12
DA:1068,31
DA:1069,31
DA:1070,31
DA:1071,18
DA:1072,18
DA:1073,5
DA:1074,5
DA:1075,1
DA:1076,4
DA:1077,1
DA:1078,1
DA:1081,17
DA:1089,95
DA:1090,4
DA:1091,4
DA:1093,91
DA:1097,387
DA:1099,13
DA:1100,6
DA:1101,4
DA:1103,2
DA:1106,7
DA:1107,6
DA:1108,6
DA:1111,6
DA:1112,11
DA:1113,11
DA:1115,6
DA:1116,3
DA:1117,3
DA:1118,6
DA:1119,6
DA:1120,4
DA:1123,6
DA:1126,387
DA:1127,387
DA:1128,387
DA:1129,387
DA:1130,387
DA:1131,387
DA:1132,2
DA:1137,83
DA:1139,102
DA:1147,102
DA:1151,102
DA:1152,102
DA:1153,102
DA:1154,102
DA:1159,102
DA:1160,58
DA:1161,58
DA:1162,79
DA:1163,79
DA:1164,5
DA:1165,5
DA:1166,2
DA:1168,5
DA:1170,5
DA:1171,5
DA:1172,14
DA:1173,14
DA:1174,5
DA:1178,5
DA:1179,5
DA:1182,74
DA:1184,74
DA:1185,8
DA:1186,23
DA:1187,10
DA:1190,66
DA:1191,53
DA:1195,58
DA:1197,44
DA:1200,102
DA:1204,102
DA:1205,8
DA:1206,14
DA:1210,14
DA:1211,3
DA:1212,3
DA:1213,2
DA:1214,4
DA:1215,2
DA:1219,1
DA:1220,2
DA:1221,1
DA:1225,3
DA:1227,3
DA:1228,3
DA:1229,11
DA:1230,11
DA:1231,3
DA:1235,3
DA:1236,0
DA:1239,3
DA:1240,3
DA:1242,11
DA:1245,94
DA:1248,102
DA:1249,102
DA:1254,83
DA:1255,67
DA:1257,67
DA:1258,86
DA:1259,17
DA:1260,11
DA:1262,6
DA:1265,69
DA:1266,69
DA:1268,86
DA:1269,86
DA:1271,67
DA:1274,83
DA:1275,18
DA:1276,18
DA:1279,83
DA:1280,48
DA:1281,47
DA:1285,83
DA:1286,58
DA:1290,58
DA:1291,1
DA:1292,1
DA:1293,2
DA:1294,2
DA:1296,1
DA:1298,58
DA:1299,8
DA:1300,2
DA:1301,6
DA:1302,4
DA:1304,2
DA:1306,2
DA:1309,2
DA:1311,50
DA:1312,4
DA:1313,10
DA:1316,46
DA:1320,83
DA:1321,36
DA:1327,36
DA:1328,36
DA:1329,36
DA:1330,22
DA:1331,22
DA:1333,14
DA:1335,36
DA:1336,36
DA:1339,18
DA:1340,18
DA:1341,24
DA:1342,2
DA:1343,2
DA:1344,2
DA:1345,2
DA:1346,2
DA:1347,2
DA:1348,2
DA:1349,2
DA:1350,2
DA:1351,2
DA:1352,2
DA:1353,2
DA:1354,4
DA:1356,2
DA:1357,2
DA:1358,22
DA:1359,4
DA:1362,4
DA:1363,4
DA:1364,4
DA:1365,12
DA:1367,4
DA:1371,4
DA:1372,4
DA:1373,4
DA:1374,18
DA:1375,2
DA:1379,2
DA:1380,2
DA:1381,6
DA:1383,2
DA:1384,2
DA:1385,2
DA:1386,16
DA:1387,4
DA:1391,4
DA:1392,4
DA:1393,4
DA:1394,4
DA:1395,10
DA:1396,10
DA:1403,10
DA:1404,10
DA:1405,10
DA:1406,10
DA:1407,8
DA:1408,8
DA:1409,8
DA:1410,8
DA:1411,8
DA:1412,10
DA:1413,10
DA:1414,10
DA:1415,10
DA:1416,10
DA:1417,10
DA:1418,8
DA:1419,8
DA:1421,10
DA:1424,10
DA:1426,4
DA:1427,4
DA:1429,12
DA:1431,24
DA:1433,18
DA:1441,83
DA:1442,70
DA:1445,70
DA:1446,381
DA:1447,6
DA:1448,6
DA:1449,6
DA:1450,6
DA:1451,6
DA:1455,375
DA:1456,12
DA:1457,42
DA:1458,42
DA:1459,42
DA:1460,42
DA:1461,42
DA:1462,31
DA:1467,363
DA:1468,506
DA:1469,506
DA:1470,506
DA:1471,506
DA:1472,506
DA:1473,147
DA:1479,375
DA:1480,244
DA:1481,51
DA:1482,35
DA:1483,16
DA:1484,14
DA:1486,2
DA:1487,2
DA:1488,1
DA:1489,1
DA:1497,193
DA:1498,41
DA:1499,41
DA:1500,41
DA:1501,41
DA:1502,41
DA:1509,374
DA:1510,221
DA:1517,153
DA:1518,83
DA:1519,27
DA:1523,70
DA:1524,70
DA:1525,70
DA:1526,70
DA:1527,70
DA:1529,70
DA:1530,70
DA:1534,70
DA:1537,77
DA:1540,83
DA:1541,101
DA:1542,101
DA:1543,101
DA:1544,83
DA:1545,57
DA:1546,57
DA:1547,57
DA:1549,83
LF:884
LH:830
BRDA:10,1,0,154
BRDA:10,1,1,2120
BRDA:23,2,0,37
BRDA:23,2,1,45
BRDA:27,3,0,7
BRDA:27,3,1,30
BRDA:29,4,0,1
BRDA:29,4,1,27
BRDA:37,5,0,2
BRDA:37,5,1,43
BRDA:39,6,0,1
BRDA:39,6,1,5
BRDA:55,7,0,2
BRDA:55,7,1,1
BRDA:62,8,0,2
BRDA:62,8,1,4
BRDA:66,9,0,1
BRDA:66,9,1,2
BRDA:103,10,0,4239
BRDA:103,10,1,1239
BRDA:113,11,0,1013
BRDA:113,11,1,190
BRDA:117,12,0,1013
BRDA:117,12,1,190
BRDA:133,13,0,1125
BRDA:133,13,1,16
BRDA:144,14,0,2133
BRDA:144,14,1,531
BRDA:159,15,0,177
BRDA:159,15,1,0
BRDA:170,16,0,177
BRDA:170,16,1,0
BRDA:180,17,0,180
BRDA:180,17,1,0
BRDA:181,18,0,157
BRDA:181,18,1,23
BRDA:183,19,0,180
BRDA:183,19,1,118
BRDA:189,20,0,1
BRDA:189,20,1,177
BRDA:194,21,0,7
BRDA:194,21,1,277
BRDA:195,22,0,7
BRDA:195,22,1,277
BRDA:196,23,0,7
BRDA:196,23,1,277
BRDA:201,24,0,14
BRDA:201,24,1,270
BRDA:210,25,0,21
BRDA:210,25,1,422
BRDA:218,26,0,190
BRDA:218,26,1,253
BRDA:227,27,0,14
BRDA:227,27,1,270
BRDA:235,28,0,27
BRDA:235,28,1,7
BRDA:237,29,0,24
BRDA:237,29,1,10
BRDA:237,30,0,3
BRDA:237,30,1,21
BRDA:238,31,0,27
BRDA:238,31,1,7
BRDA:239,32,0,27
BRDA:239,32,1,7
BRDA:241,33,0,27
BRDA:241,33,1,7
BRDA:244,34,0,6
BRDA:244,34,1,28
BRDA:261,35,0,34
BRDA:261,35,1,284
BRDA:292,36,0,0
BRDA:292,36,1,34
BRDA:299,37,0,61
BRDA:299,37,1,0
BRDA:316,38,0,7
BRDA:316,38,1,297
BRDA:317,39,0,16
BRDA:317,39,1,281
BRDA:318,40,0,16
BRDA:318,40,1,0
BRDA:331,41,0,10
BRDA:331,41,1,61
BRDA:331,42,0,71
BRDA:331,42,1,10
BRDA:334,43,0,9
BRDA:334,43,1,52
BRDA:335,44,0,0
BRDA:335,44,1,9
BRDA:348,45,0,16
BRDA:348,45,1,36
BRDA:349,46,0,14
BRDA:349,46,1,2
BRDA:362,47,0,29
BRDA:362,47,1,7
BRDA:362,48,0,36
BRDA:362,48,1,29
BRDA:363,49,0,16
BRDA:363,49,1,13
BRDA:367,50,0,3
BRDA:367,50,1,13
BRDA:382,51,0,2
BRDA:382,51,1,5
BRDA:398,52,0,34
BRDA:398,52,1,247
BRDA:402,53,0,59
BRDA:402,53,1,188
BRDA:404,54,0,7
BRDA:404,54,1,52
BRDA:404,55,0,59
BRDA:404,55,1,16
BRDA:407,56,0,7
BRDA:407,56,1,0
BRDA:416,57,0,36
BRDA:416,57,1,16
BRDA:418,58,0,6
BRDA:418,58,1,30
BRDA:429,59,0,30
BRDA:429,59,1,6
BRDA:431,60,0,10
BRDA:431,60,1,20
BRDA:435,61,0,30
BRDA:435,61,1,0
BRDA:449,62,0,6
BRDA:449,62,1,0
BRDA:454,63,0,3
BRDA:454,63,1,3
BRDA:474,64,0,36
BRDA:474,64,1,0
BRDA:475,65,0,13
BRDA:475,65,1,23
BRDA:491,66,0,25
BRDA:491,66,1,34
BRDA:502,67,0,24
BRDA:502,67,1,164
BRDA:509,68,0,29
BRDA:509,68,1,34
BRDA:510,69,0,7
BRDA:510,69,1,22
BRDA:519,70,0,7
BRDA:519,70,1,22
BRDA:531,71,0,2
BRDA:531,71,1,162
BRDA:548,72,0,36
BRDA:548,72,1,261
BRDA:549,73,0,0
BRDA:549,73,1,36
BRDA:559,74,0,124
BRDA:559,74,1,53
BRDA:569,75,0,130
BRDA:569,75,1,47
BRDA:574,76,0,59
BRDA:574,76,1,118
BRDA:613,77,0,250
BRDA:613,77,1,73
BRDA:617,78,0,0
BRDA:617,78,1,2
BRDA:622,79,0,0
BRDA:622,79,1,20
BRDA:634,80,0,53
BRDA:634,80,1,73
BRDA:635,81,0,47
BRDA:635,81,1,6
BRDA:663,82,0,103
BRDA:663,82,1,102
BRDA:665,83,0,103
BRDA:665,83,1,0
BRDA:691,84,0,247
BRDA:691,84,1,200
BRDA:691,84,2,15
BRDA:691,84,3,197
BRDA:691,84,4,9
BRDA:693,85,0,30
BRDA:693,85,1,22
BRDA:703,86,0,47
BRDA:703,86,1,101
BRDA:713,87,0,147
BRDA:713,87,1,1
BRDA:726,88,0,39
BRDA:726,88,1,39
BRDA:738,89,0,62
BRDA:738,89,1,6
BRDA:739,90,0,9
BRDA:739,90,1,53
BRDA:739,91,0,62
BRDA:739,91,1,9
BRDA:750,92,0,1
BRDA:750,92,1,105
BRDA:755,93,0,12
BRDA:755,93,1,93
BRDA:759,94,0,9
BRDA:759,94,1,97
BRDA:760,95,0,9
BRDA:760,95,1,97
BRDA:761,96,0,9
BRDA:761,96,1,97
BRDA:776,97,0,185
BRDA:776,97,1,146
BRDA:780,98,0,2
BRDA:780,98,1,119
BRDA:788,99,0,1
BRDA:788,99,1,1
BRDA:792,100,0,20
BRDA:792,100,1,99
BRDA:798,101,0,12
BRDA:798,101,1,52
BRDA:799,102,0,8
BRDA:799,102,1,44
BRDA:809,103,0,93
BRDA:809,103,1,45
BRDA:810,104,0,6
BRDA:810,104,1,39
BRDA:826,105,0,12
BRDA:826,105,1,93
BRDA:827,106,0,8
BRDA:827,106,1,4
BRDA:833,107,0,0
BRDA:833,107,1,93
BRDA:835,108,0,0
BRDA:835,108,1,0
BRDA:854,109,0,53
BRDA:854,109,1,52
BRDA:865,110,0,42
BRDA:865,110,1,64
BRDA:866,111,0,6
BRDA:866,111,1,36
BRDA:870,112,0,0
BRDA:870,112,1,6
BRDA:875,113,0,6
BRDA:875,113,1,0
BRDA:880,114,0,6
BRDA:880,114,1,0
BRDA:884,115,0,0
BRDA:884,115,1,0
BRDA:895,116,0,44
BRDA:895,116,1,62
BRDA:904,117,0,61
BRDA:904,117,1,1
BRDA:909,118,0,0
BRDA:909,118,1,61
BRDA:914,119,0,0
BRDA:914,119,1,0
BRDA:918,120,0,0
BRDA:918,120,1,0
BRDA:920,121,0,0
BRDA:920,121,1,0
BRDA:931,122,0,0
BRDA:931,122,1,61
BRDA:932,123,0,0
BRDA:932,123,1,0
BRDA:940,124,0,0
BRDA:940,124,1,61
BRDA:947,125,0,0
BRDA:947,125,1,0
BRDA:947,126,0,0
BRDA:947,126,1,0
BRDA:947,126,2,0
BRDA:952,127,0,0
BRDA:952,127,1,0
BRDA:967,128,0,9
BRDA:967,128,1,52
BRDA:977,129,0,39
BRDA:977,129,1,23
BRDA:981,130,0,9
BRDA:981,130,1,30
BRDA:998,131,0,7
BRDA:998,131,1,145
BRDA:1000,132,0,126
BRDA:1000,132,1,19
BRDA:1000,133,0,145
BRDA:1000,133,1,142
BRDA:1012,134,0,77
BRDA:1012,134,1,77
BRDA:1028,135,0,13
BRDA:1028,135,1,159
BRDA:1029,136,0,9
BRDA:1029,136,1,4
BRDA:1046,137,0,5
BRDA:1046,137,1,388
BRDA:1046,138,0,393
BRDA:1046,138,1,17
BRDA:1050,139,0,22
BRDA:1050,139,1,366
BRDA:1054,140,0,259
BRDA:1054,140,1,107
BRDA:1055,141,0,52
BRDA:1055,141,1,207
BRDA:1065,142,0,12
BRDA:1065,142,1,95
BRDA:1070,143,0,18
BRDA:1070,143,1,13
BRDA:1070,144,0,31
BRDA:1070,144,1,16
BRDA:1071,145,0,3
BRDA:1071,145,1,15
BRDA:1072,146,0,5
BRDA:1072,146,1,13
BRDA:1074,147,0,1
BRDA:1074,147,1,4
BRDA:1074,148,0,5
BRDA:1074,148,1,5
BRDA:1076,149,0,1
BRDA:1076,149,1,3
BRDA:1089,150,0,4
BRDA:1089,150,1,91
BRDA:1097,151,0,13
BRDA:1097,151,1,374
BRDA:1099,152,0,6
BRDA:1099,152,1,7
BRDA:1100,153,0,4
BRDA:1100,153,1,2
BRDA:1106,154,0,6
BRDA:1106,154,1,1
BRDA:1115,155,0,3
BRDA:1115,155,1,3
BRDA:1119,156,0,2
BRDA:1119,156,1,4
BRDA:1128,157,0,11
BRDA:1128,157,1,376
BRDA:1129,158,0,11
BRDA:1129,158,1,376
BRDA:1130,159,0,11
BRDA:1130,159,1,376
BRDA:1131,160,0,2
BRDA:1131,160,1,385
BRDA:1131,161,0,387
BRDA:1131,161,1,225
BRDA:1142,162,0,27
BRDA:1142,162,1,75
BRDA:1147,163,0,102
BRDA:1147,163,1,95
BRDA:1147,163,2,53
BRDA:1159,164,0,58
BRDA:1159,164,1,44
BRDA:1163,165,0,5
BRDA:1163,165,1,74
BRDA:1165,166,0,2
BRDA:1165,166,1,3
BRDA:1173,167,0,5
BRDA:1173,167,1,9
BRDA:1173,168,0,14
BRDA:1173,168,1,10
BRDA:1184,169,0,8
BRDA:1184,169,1,66
BRDA:1186,170,0,10
BRDA:1186,170,1,13
BRDA:1190,171,0,53
BRDA:1190,171,1,13
BRDA:1190,172,0,66
BRDA:1190,172,1,64
BRDA:1204,173,0,8
BRDA:1204,173,1,94
BRDA:1210,174,0,3
BRDA:1210,174,1,11
BRDA:1212,175,0,2
BRDA:1212,175,1,1
BRDA:1214,176,0,2
BRDA:1214,176,1,2
BRDA:1220,177,0,1
BRDA:1220,177,1,1
BRDA:1230,178,0,3
BRDA:1230,178,1,8
BRDA:1230,179,0,11
BRDA:1230,179,1,7
BRDA:1235,180,0,0
BRDA:1235,180,1,3
BRDA:1258,181,0,17
BRDA:1258,181,1,69
BRDA:1259,182,0,11
BRDA:1259,182,1,6
BRDA:1265,183,0,69
BRDA:1265,183,1,9
BRDA:1275,184,0,16
BRDA:1275,184,1,2
BRDA:1277,185,0,17
BRDA:1277,185,1,1
BRDA:1280,186,0,47
BRDA:1280,186,1,1
BRDA:1286,187,0,3
BRDA:1286,187,1,55
BRDA:1286,188,0,58
BRDA:1286,188,1,3
BRDA:1289,189,0,57
BRDA:1289,189,1,1
BRDA:1290,190,0,1
BRDA:1290,190,1,57
BRDA:1298,191,0,8
BRDA:1298,191,1,50
BRDA:1299,192,0,2
BRDA:1299,192,1,6
BRDA:1301,193,0,4
BRDA:1301,193,1,2
BRDA:1302,194,0,2
BRDA:1302,194,1,2
BRDA:1311,195,0,4
BRDA:1311,195,1,46
BRDA:1313,196,0,2
BRDA:1313,196,1,8
BRDA:1321,197,0,22
BRDA:1321,197,1,14
BRDA:1327,198,0,19
BRDA:1327,198,1,17
BRDA:1328,199,0,2
BRDA:1328,199,1,34
BRDA:1329,200,0,22
BRDA:1329,200,1,14
BRDA:1341,201,0,2
BRDA:1341,201,1,22
BRDA:1346,202,0,1
BRDA:1346,202,1,1
BRDA:1358,203,0,4
BRDA:1358,203,1,18
BRDA:1362,204,0,2
BRDA:1362,204,1,2
BRDA:1374,205,0,2
BRDA:1374,205,1,16
BRDA:1379,206,0,1
BRDA:1379,206,1,1
BRDA:1386,207,0,4
BRDA:1386,207,1,12
BRDA:1403,208,0,6
BRDA:1403,208,1,4
BRDA:1404,209,0,4
BRDA:1404,209,1,6
BRDA:1406,210,0,8
BRDA:1406,210,1,2
BRDA:1417,211,0,8
BRDA:1417,211,1,2
BRDA:1445,212,0,445
BRDA:1445,212,1,387
BRDA:1446,213,0,6
BRDA:1446,213,1,375
BRDA:1451,214,0,1
BRDA:1451,214,1,5
BRDA:1455,215,0,12
BRDA:1455,215,1,363
BRDA:1461,216,0,11
BRDA:1461,216,1,31
BRDA:1462,217,0,1
BRDA:1462,217,1,30
BRDA:1472,218,0,359
BRDA:1472,218,1,147
BRDA:1473,219,0,4
BRDA:1473,219,1,143
BRDA:1479,220,0,244
BRDA:1479,220,1,131
BRDA:1480,221,0,51
BRDA:1480,221,1,193
BRDA:1481,222,0,35
BRDA:1481,222,1,16
BRDA:1483,223,0,14
BRDA:1483,223,1,2
BRDA:1487,224,0,1
BRDA:1487,224,1,1
BRDA:1497,225,0,41
BRDA:1497,225,1,152
BRDA:1509,226,0,221
BRDA:1509,226,1,153
BRDA:1517,227,0,83
BRDA:1517,227,1,70
BRDA:1518,228,0,27
BRDA:1518,228,1,56
BRDA:1541,229,0,0
BRDA:1541,229,1,101
BRDA:1542,230,0,101
BRDA:1542,230,1,18
BRDA:1545,231,0,0
BRDA:1545,231,1,57
BRDA:1546,232,0,57
BRDA:1546,232,1,56
BRF:469
BRH:425
end_of_record
TN:
SF:tokenizer.js
FN:10,error
FN:25,compileRegularExpressions
FN:46,number
FN:81,condition
FN:109,never
FN:118,always
FN:127,alternates
FN:185,parse
FN:300,(anonymous_9)
FN:489,(anonymous_10)
FNF:10
FNH:10
FNDA:28,error
FNDA:153,compileRegularExpressions
FNDA:96,number
FNDA:67,condition
FNDA:29,never
FNDA:169,always
FNDA:32,alternates
FNDA:363,parse
FNDA:95,(anonymous_9)
FNDA:252,(anonymous_10)
DA:10,153
DA:11,28
DA:12,28
DA:13,2
DA:14,2
DA:15,2
DA:17,26
DA:21,153
DA:23,153
DA:25,153
DA:26,153
DA:27,153
DA:28,153
DA:29,918
DA:30,65484
DA:32,918
DA:33,765
DA:34,765
DA:35,9639
DA:37,765
DA:42,153
DA:46,153
DA:47,96
DA:63,96
DA:64,1
DA:66,95
DA:70,95
DA:72,95
DA:81,153
DA:82,67
DA:83,67
DA:84,14
DA:85,1
DA:86,13
DA:87,13
DA:89,53
DA:90,29
DA:91,28
DA:92,1
DA:93,27
DA:94,27
DA:95,27
DA:97,24
DA:98,24
DA:101,64
DA:102,64
DA:103,1
DA:104,63
DA:109,153
DA:110,29
DA:118,153
DA:119,169
DA:127,153
DA:128,32
DA:130,32
DA:131,78
DA:132,78
DA:133,78
DA:137,78
DA:138,55
DA:140,55
DA:141,55
DA:146,51
DA:147,38
DA:148,12
DA:150,26
DA:155,13
DA:156,1
DA:157,1
DA:161,50
DA:162,50
DA:166,73
DA:167,46
DA:169,27
DA:171,73
DA:174,73
DA:175,73
DA:178,73
DA:185,153
DA:186,363
DA:188,363
DA:204,363
DA:205,363
DA:207,532
DA:213,532
DA:214,8
DA:215,524
DA:216,1
DA:219,523
DA:222,523
DA:229,523
DA:230,5
DA:231,5
DA:232,5
DA:233,518
DA:234,69
DA:235,69
DA:236,69
DA:238,449
DA:242,523
DA:243,523
DA:246,523
DA:247,1
DA:248,522
DA:249,3
DA:250,519
DA:251,1
DA:254,518
DA:255,518
DA:259,518
DA:260,518
DA:261,518
DA:267,518
DA:268,38
DA:270,38
DA:272,38
DA:295,37
DA:296,37
DA:300,95
DA:302,37
DA:303,1
DA:305,36
DA:306,1
DA:309,480
DA:310,26
DA:311,26
DA:312,26
DA:313,26
DA:318,26
DA:319,11
DA:323,26
DA:324,26
DA:325,21
DA:328,21
DA:329,6
DA:330,6
DA:331,6
DA:336,21
DA:343,454
DA:344,11
DA:345,11
DA:346,11
DA:347,11
DA:348,11
DA:349,11
DA:350,11
DA:351,11
DA:352,11
DA:353,11
DA:355,11
DA:358,443
DA:359,443
DA:360,443
DA:362,432
DA:363,40
DA:364,40
DA:365,40
DA:366,40
DA:367,1
DA:368,39
DA:369,39
DA:374,442
DA:375,42
DA:376,42
DA:377,42
DA:378,1
DA:380,41
DA:384,441
DA:385,63
DA:386,63
DA:387,63
DA:388,11
DA:389,11
DA:390,11
DA:391,11
DA:392,20
DA:405,20
DA:406,2
DA:407,18
DA:409,18
DA:410,18
DA:411,18
DA:412,2
DA:413,2
DA:415,16
DA:416,16
DA:418,18
DA:419,1
DA:420,17
DA:421,17
DA:422,17
DA:423,17
DA:424,8
DA:425,8
DA:429,52
DA:431,60
DA:432,60
DA:436,438
DA:437,54
DA:438,54
DA:439,54
DA:440,54
DA:445,54
DA:446,29
DA:455,29
DA:456,29
DA:457,29
DA:458,29
DA:460,29
DA:463,54
DA:464,54
DA:469,494
DA:472,494
DA:475,158
DA:476,158
DA:477,158
DA:479,336
DA:480,2
DA:482,334
DA:489,153
DA:490,252
DA:492,252
LF:222
LH:222
BRDA:12,1,0,2
BRDA:12,1,1,26
BRDA:14,2,0,1
BRDA:14,2,1,1
BRDA:29,3,0,66402
BRDA:29,3,1,65637
BRDA:32,4,0,765
BRDA:32,4,1,153
BRDA:37,5,0,765
BRDA:37,5,1,612
BRDA:63,6,0,1
BRDA:63,6,1,95
BRDA:68,7,0,39
BRDA:68,7,1,56
BRDA:83,8,0,14
BRDA:83,8,1,53
BRDA:84,9,0,1
BRDA:84,9,1,13
BRDA:89,10,0,29
BRDA:89,10,1,24
BRDA:91,11,0,1
BRDA:91,11,1,27
BRDA:101,12,0,64
BRDA:101,12,1,37
BRDA:102,13,0,1
BRDA:102,13,1,63
BRDA:133,14,0,49
BRDA:133,14,1,29
BRDA:137,15,0,55
BRDA:137,15,1,23
BRDA:146,16,0,38
BRDA:146,16,1,13
BRDA:147,17,0,12
BRDA:147,17,1,26
BRDA:155,18,0,1
BRDA:155,18,1,12
BRDA:162,19,0,12
BRDA:162,19,1,38
BRDA:166,20,0,46
BRDA:166,20,1,27
BRDA:188,21,0,363
BRDA:188,21,1,325
BRDA:213,22,0,8
BRDA:213,22,1,524
BRDA:215,23,0,1
BRDA:215,23,1,523
BRDA:226,24,0,523
BRDA:226,24,1,485
BRDA:229,25,0,5
BRDA:229,25,1,518
BRDA:233,26,0,69
BRDA:233,26,1,449
BRDA:242,27,0,28
BRDA:242,27,1,495
BRDA:246,28,0,1
BRDA:246,28,1,522
BRDA:248,29,0,3
BRDA:248,29,1,519
BRDA:250,30,0,1
BRDA:250,30,1,518
BRDA:250,31,0,519
BRDA:250,31,1,37
BRDA:250,32,0,37
BRDA:250,32,1,12
BRDA:255,33,0,37
BRDA:255,33,1,481
BRDA:259,34,0,1
BRDA:259,34,1,517
BRDA:259,35,0,518
BRDA:259,35,1,1
BRDA:261,36,0,518
BRDA:261,36,1,490
BRDA:261,36,2,469
BRDA:267,37,0,38
BRDA:267,37,1,480
BRDA:302,38,0,1
BRDA:302,38,1,36
BRDA:305,39,0,1
BRDA:305,39,1,35
BRDA:309,40,0,26
BRDA:309,40,1,454
BRDA:318,41,0,11
BRDA:318,41,1,15
BRDA:328,42,0,6
BRDA:328,42,1,15
BRDA:343,43,0,11
BRDA:343,43,1,443
BRDA:344,44,0,5
BRDA:344,44,1,6
BRDA:360,45,0,432
BRDA:360,45,1,11
BRDA:362,46,0,40
BRDA:362,46,1,392
BRDA:366,47,0,1
BRDA:366,47,1,39
BRDA:374,48,0,42
BRDA:374,48,1,400
BRDA:377,49,0,1
BRDA:377,49,1,41
BRDA:384,50,0,63
BRDA:384,50,1,378
BRDA:387,51,0,11
BRDA:387,51,1,52
BRDA:405,52,0,2
BRDA:405,52,1,18
BRDA:411,53,0,2
BRDA:411,53,1,16
BRDA:418,54,0,1
BRDA:418,54,1,17
BRDA:423,55,0,8
BRDA:423,55,1,9
BRDA:432,56,0,44
BRDA:432,56,1,16
BRDA:463,57,0,44
BRDA:463,57,1,10
BRDA:472,58,0,336
BRDA:472,58,1,158
BRDA:479,59,0,2
BRDA:479,59,1,334
BRF:119
BRH:119
end_of_record
TN:
SF:t/generated/l64f.js
FN:1,(anonymous_1)
FN:2,(anonymous_2)
FNF:2
FNH:2
FNDA:4,(anonymous_1)
FNDA:4,(anonymous_2)
DA:1,1
DA:2,4
DA:3,4
DA:5,4
DA:6,2
DA:9,2
DA:10,2
DA:11,2
DA:12,2
DA:13,2
DA:14,2
DA:15,2
DA:16,2
DA:17,2
DA:18,2
DA:20,2
DA:22,2
DA:24,2
DA:26,2
DA:27,1
DA:29,1
LF:21
LH:21
BRDA:5,1,0,2
BRDA:5,1,1,2
BRDA:26,2,0,1
BRDA:26,2,1,1
BRF:4
BRH:4
end_of_record
TN:
SF:t/generated/b8n.js
FN:1,(anonymous_1)
FN:2,(anonymous_2)
FNF:2
FNH:2
FNDA:16,(anonymous_1)
FNDA:16,(anonymous_2)
DA:1,8
DA:2,16
DA:3,16
DA:5,16
DA:6,14
DA:9,2
DA:11,2
DA:13,2
DA:15,2
DA:17,2
DA:18,1
DA:20,1
LF:12
LH:12
BRDA:5,1,0,14
BRDA:5,1,1,2
BRDA:17,2,0,1
BRDA:17,2,1,1
BRF:4
BRH:4
end_of_record
TN:
SF:t/generated/b8n_l64f.js
FN:1,(anonymous_1)
FN:2,(anonymous_2)
FNF:2
FNH:2
FNDA:3,(anonymous_1)
FNDA:3,(anonymous_2)
DA:1,1
DA:2,3
DA:3,3
DA:5,3
DA:6,1
DA:9,2
DA:11,2
DA:13,2
DA:15,2
DA:17,2
DA:19,2
DA:20,1
DA:22,1
LF:13
LH:13
BRDA:5,1,0,1
BRDA:5,1,1,2
BRDA:19,2,0,1
BRDA:19,2,1,1
BRF:4
BRH:4
end_of_record
TN:
SF:t/generated/b8n.phonetic.array1.7976931348623157e+308_t0#utf8_b16n.charCode_b32n.index.js
FN:1,(anonymous_1)
FN:2,(anonymous_2)
FNF:2
FNH:2
FNDA:28,(anonymous_1)
FNDA:28,(anonymous_2)
DA:1,2
DA:2,28
DA:3,28
DA:5,28
DA:6,28
DA:7,28
DA:8,145
DA:9,6
DA:12,139
DA:13,139
DA:14,139
DA:15,117
DA:17,22
DA:18,22
DA:20,22
DA:21,4
DA:24,18
DA:28,18
DA:34,18
DA:36,18
DA:38,18
DA:40,18
DA:41,17
DA:43,1
LF:24
LH:24
BRDA:8,1,0,6
BRDA:8,1,1,139
BRDA:14,2,0,22
BRDA:14,2,1,117
BRDA:20,3,0,4
BRDA:20,3,1,18
BRDA:40,4,0,17
BRDA:40,4,1,1
BRF:8
BRH:8
end_of_record
TN:
SF:t/generated/b32n.count.js
FN:1,(anonymous_1)
FN:2,(anonymous_2)
FNF:2
FNH:2
FNDA:2,(anonymous_1)
FNDA:2,(anonymous_2)
DA:1,2
DA:2,2
DA:3,2
DA:5,2
DA:6,0
DA:9,2
DA:15,2
DA:17,2
DA:19,2
DA:21,2
DA:22,1
DA:24,1
LF:12
LH:11
BRDA:5,1,0,0
BRDA:5,1,1,2
BRDA:21,2,0,1
BRDA:21,2,1,1
BRF:4
BRH:3
end_of_record
TN:
SF:t/generated/b8n.array@b16n$x1n$b15n@b8n@.js
FN:1,(anonymous_1)
FN:2,(anonymous_2)
FNF:2
FNH:2
FNDA:2,(anonymous_1)
FNDA:2,(anonymous_2)
DA:1,2
DA:2,2
DA:3,2
DA:5,2
DA:6,0
DA:9,2
DA:10,2
DA:11,1
DA:12,0
DA:15,1
DA:16,1
DA:19,1
DA:21,1
DA:23,1
DA:24,0
DA:27,1
DA:28,1
DA:30,1
DA:33,2
DA:35,2
DA:37,2
DA:39,2
DA:40,0
DA:42,2
LF:24
LH:20
BRDA:5,1,0,0
BRDA:5,1,1,2
BRDA:10,2,0,1
BRDA:10,2,1,1
BRDA:11,3,0,0
BRDA:11,3,1,1
BRDA:23,4,0,0
BRDA:23,4,1,1
BRDA:39,5,0,0
BRDA:39,5,1,2
BRF:10
BRH:6
end_of_record
TN:
SF:t/generated/b8n.array@x8n,b16n.foo@b8n.foo@x8n,b24n.foo@x8n,b64n.foo@.js
FN:1,(anonymous_1)
FN:2,(anonymous_2)
FNF:2
FNH:2
FNDA:1,(anonymous_1)
FNDA:1,(anonymous_2)
DA:1,1
DA:2,1
DA:3,1
DA:5,1
DA:6,0
DA:9,1
DA:10,1
DA:11,0
DA:12,0
DA:15,0
DA:17,0
DA:21,0
DA:22,1
DA:23,0
DA:24,0
DA:27,0
DA:28,0
DA:29,0
DA:31,0
DA:32,1
DA:33,0
DA:34,0
DA:37,0
DA:39,0
DA:44,0
DA:46,1
DA:47,0
DA:50,1
DA:52,1
DA:62,1
DA:65,1
DA:67,1
DA:69,1
DA:71,1
DA:72,0
DA:74,1
LF:36
LH:17
BRDA:5,1,0,0
BRDA:5,1,1,1
BRDA:10,2,0,0
BRDA:10,2,1,1
BRDA:11,3,0,0
BRDA:11,3,1,0
BRDA:22,4,0,0
BRDA:22,4,1,1
BRDA:22,5,0,1
BRDA:22,5,1,1
BRDA:23,6,0,0
BRDA:23,6,1,0
BRDA:32,7,0,0
BRDA:32,7,1,1
BRDA:33,8,0,0
BRDA:33,8,1,0
BRDA:46,9,0,0
BRDA:46,9,1,1
BRDA:71,10,0,0
BRDA:71,10,1,1
BRF:20
BRH:8
end_of_record
TN:
SF:t/generated/b16nC_b8n.array.js
FN:1,(anonymous_1)
FN:2,(anonymous_2)
FNF:2
FNH:2
FNDA:1,(anonymous_1)
FNDA:1,(anonymous_2)
DA:1,1
DA:2,1
DA:3,1
DA:5,1
DA:8,1
DA:9,1
DA:10,3
DA:13,1
DA:15,1
DA:17,1
DA:19,1
DA:21,1
DA:22,0
DA:24,1
LF:14
LH:13
BRDA:21,1,0,0
BRDA:21,1,1,1
BRF:2
BRH:1
end_of_record
TN:
SF:t/generated/b8n.array4_b8n.array4.js
FN:1,(anonymous_1)
FN:2,(anonymous_2)
FNF:2
FNH:2
FNDA:3,(anonymous_1)
FNDA:3,(anonymous_2)
DA:1,1
DA:2,3
DA:3,3
DA:5,3
DA:6,1
DA:9,2
DA:10,2
DA:11,2
DA:12,2
DA:13,2
DA:14,2
DA:16,2
DA:17,2
DA:18,2
DA:19,2
DA:20,2
DA:21,2
DA:23,2
DA:25,2
DA:27,2
DA:29,2
DA:30,1
DA:32,1
LF:23
LH:23
BRDA:5,1,0,1
BRDA:5,1,1,2
BRDA:29,2,0,1
BRDA:29,2,1,1
BRF:4
BRH:4
end_of_record
TN:
SF:t/generated/b16n.array3_b16n.js
FN:1,(anonymous_1)
FN:2,(anonymous_2)
FNF:2
FNH:2
FNDA:3,(anonymous_1)
FNDA:3,(anonymous_2)
DA:1,1
DA:2,3
DA:3,3
DA:5,3
DA:6,1
DA:9,2
DA:10,2
DA:13,2
DA:16,2
DA:19,2
DA:21,2
DA:25,2
DA:27,2
DA:29,2
DA:31,2
DA:32,1
DA:34,1
LF:17
LH:17
BRDA:5,1,0,1
BRDA:5,1,1,2
BRDA:31,2,0,1
BRDA:31,2,1,1
BRF:4
BRH:4
end_of_record
TN:
SF:t/generated/x16n.array2_b16n.js
FN:1,(anonymous_1)
FN:2,(anonymous_2)
FNF:2
FNH:2
FNDA:1,(anonymous_1)
FNDA:1,(anonymous_2)
DA:1,1
DA:2,1
DA:3,1
DA:5,1
DA:6,0
DA:10,1
DA:14,1
DA:16,1
DA:18,1
DA:20,1
DA:21,0
DA:23,1
LF:12
LH:10
BRDA:5,1,0,0
BRDA:5,1,1,1
BRDA:20,2,0,0
BRDA:20,2,1,1
BRF:4
BRH:2
end_of_record
TN:
SF:t/generated/b8n.array@b8n@x8n,b16n@x8n,b24n@x8n,b64n@.js
FN:1,(anonymous_1)
FN:2,(anonymous_2)
FNF:2
FNH:2
FNDA:2,(anonymous_1)
FNDA:2,(anonymous_2)
DA:1,2
DA:2,2
DA:3,2
DA:5,2
DA:6,0
DA:9,2
DA:10,2
DA:11,1
DA:12,0
DA:15,1
DA:16,1
DA:17,1
DA:19,1
DA:20,1
DA:21,0
DA:22,0
DA:25,0
DA:27,0
DA:31,0
DA:32,1
DA:33,1
DA:34,0
DA:37,1
DA:39,1
DA:44,1
DA:45,0
DA:46,0
DA:47,0
DA:50,0
DA:52,0
DA:62,0
DA:64,0
DA:67,2
DA:69,2
DA:71,2
DA:73,2
DA:74,0
DA:76,2
LF:38
LH:22
BRDA:5,1,0,0
BRDA:5,1,1,2
BRDA:10,2,0,1
BRDA:10,2,1,1
BRDA:10,3,0,2
BRDA:10,3,1,2
BRDA:11,4,0,0
BRDA:11,4,1,1
BRDA:20,5,0,0
BRDA:20,5,1,1
BRDA:21,6,0,0
BRDA:21,6,1,0
BRDA:32,7,0,1
BRDA:32,7,1,0
BRDA:33,8,0,0
BRDA:33,8,1,1
BRDA:45,9,0,0
BRDA:45,9,1,0
BRDA:46,10,0,0
BRDA:46,10,1,0
BRDA:73,11,0,0
BRDA:73,11,1,2
BRF:22
BRH:10
end_of_record
TN:
SF:t/generated/l32f.js
FN:1,(anonymous_1)
FN:2,(anonymous_2)
FNF:2
FNH:2
FNDA:4,(anonymous_1)
FNDA:4,(anonymous_2)
DA:1,1
DA:2,4
DA:3,4
DA:5,4
DA:6,2
DA:9,2
DA:10,2
DA:11,2
DA:12,2
DA:13,2
DA:14,2
DA:16,2
DA:18,2
DA:20,2
DA:22,2
DA:23,1
DA:25,1
LF:17
LH:17
BRDA:5,1,0,2
BRDA:5,1,1,2
BRDA:22,2,0,1
BRDA:22,2,1,1
BRF:4
BRH:4
end_of_record
TN:
SF:t/generated/b8n_l32f.js
FN:1,(anonymous_1)
FN:2,(anonymous_2)
FNF:2
FNH:2
FNDA:3,(anonymous_1)
FNDA:3,(anonymous_2)
DA:1,1
DA:2,3
DA:3,3
DA:5,3
DA:6,1
DA:9,2
DA:11,2
DA:12,2
DA:13,2
DA:14,2
DA:15,2
DA:16,2
DA:18,2
DA:20,2
DA:22,2
DA:24,2
DA:25,1
DA:27,1
LF:18
LH:18
BRDA:5,1,0,1
BRDA:5,1,1,2
BRDA:24,2,0,1
BRDA:24,2,1,1
BRF:4
BRH:4
end_of_record
TN:
SF:t/generated/b32f.js
FN:1,(anonymous_1)
FN:2,(anonymous_2)
FNF:2
FNH:2
FNDA:4,(anonymous_1)
FNDA:4,(anonymous_2)
DA:1,1
DA:2,4
DA:3,4
DA:5,4
DA:6,2
DA:9,2
DA:10,2
DA:11,2
DA:12,2
DA:13,2
DA:14,2
DA:16,2
DA:18,2
DA:20,2
DA:22,2
DA:23,1
DA:25,1
LF:17
LH:17
BRDA:5,1,0,2
BRDA:5,1,1,2
BRDA:22,2,0,1
BRDA:22,2,1,1
BRF:4
BRH:4
end_of_record
TN:
SF:t/generated/b8n_b32f.js
FN:1,(anonymous_1)
FN:2,(anonymous_2)
FNF:2
FNH:2
FNDA:3,(anonymous_1)
FNDA:3,(anonymous_2)
DA:1,1
DA:2,3
DA:3,3
DA:5,3
DA:6,1
DA:9,2
DA:11,2
DA:13,2
DA:15,2
DA:17,2
DA:19,2
DA:20,1
DA:22,1
LF:13
LH:13
BRDA:5,1,0,1
BRDA:5,1,1,2
BRDA:19,2,0,1
BRDA:19,2,1,1
BRF:4
BRH:4
end_of_record
TN:
SF:t/generated/l32f_l32f.js
FN:1,(anonymous_1)
FN:2,(anonymous_2)
FNF:2
FNH:2
FNDA:3,(anonymous_1)
FNDA:3,(anonymous_2)
DA:1,1
DA:2,3
DA:3,3
DA:5,3
DA:6,1
DA:9,2
DA:10,2
DA:11,2
DA:12,2
DA:13,2
DA:14,2
DA:16,2
DA:17,2
DA:18,2
DA:19,2
DA:20,2
DA:21,2
DA:23,2
DA:25,2
DA:27,2
DA:29,2
DA:30,1
DA:32,1
LF:23
LH:23
BRDA:5,1,0,1
BRDA:5,1,1,2
BRDA:29,2,0,1
BRDA:29,2,1,1
BRF:4
BRH:4
end_of_record
TN:
SF:t/generated/b16n.js
FN:1,(anonymous_1)
FN:2,(anonymous_2)
FNF:2
FNH:2
FNDA:3,(anonymous_1)
FNDA:3,(anonymous_2)
DA:1,1
DA:2,3
DA:3,3
DA:5,3
DA:6,1
DA:9,2
DA:13,2
DA:15,2
DA:17,2
DA:19,2
DA:20,1
DA:22,1
LF:12
LH:12
BRDA:5,1,0,1
BRDA:5,1,1,2
BRDA:19,2,0,1
BRDA:19,2,1,1
BRF:4
BRH:4
end_of_record
TN:
SF:t/generated/b8n$x2n$b3n$x3n.js
FN:1,(anonymous_1)
FN:2,(anonymous_2)
FNF:2
FNH:2
FNDA:1,(anonymous_1)
FNDA:1,(anonymous_2)
DA:1,1
DA:2,1
DA:3,1
DA:5,1
DA:6,0
DA:9,1
DA:10,1
DA:12,1
DA:14,1
DA:16,1
DA:18,1
DA:19,0
DA:21,1
LF:13
LH:11
BRDA:5,1,0,0
BRDA:5,1,1,1
BRDA:18,2,0,0
BRDA:18,2,1,1
BRF:4
BRH:2
end_of_record
TN:
SF:t/generated/Sb16n.js
FN:1,(anonymous_1)
FN:2,(anonymous_2)
FNF:2
FNH:2
FNDA:1,(anonymous_1)
FNDA:1,(anonymous_2)
DA:1,1
DA:2,1
DA:3,1
DA:5,1
DA:6,0
DA:9,1
DA:12,1
DA:14,1
DA:16,1
DA:18,1
DA:20,1
DA:21,0
DA:23,1
LF:13
LH:11
BRDA:5,1,0,0
BRDA:5,1,1,1
BRDA:12,2,0,1
BRDA:12,2,1,0
BRDA:20,3,0,0
BRDA:20,3,1,1
BRF:6
BRH:3
end_of_record
TN:
SF:t/generated/b8n.array3#ascii.js
FN:1,(anonymous_1)
FN:2,(anonymous_2)
FNF:2
FNH:2
FNDA:1,(anonymous_1)
FNDA:1,(anonymous_2)
DA:1,1
DA:2,1
DA:3,1
DA:5,1
DA:6,0
DA:9,1
DA:10,1
DA:11,1
DA:12,1
DA:13,1
DA:14,1
DA:16,1
DA:18,1
DA:20,1
DA:22,1
DA:23,0
DA:25,1
LF:17
LH:15
BRDA:5,1,0,0
BRDA:5,1,1,1
BRDA:22,2,0,0
BRDA:22,2,1,1
BRF:4
BRH:2
end_of_record
TN:
SF:t/generated/b8n.array8_t13-10.js
FN:1,(anonymous_1)
FN:2,(anonymous_2)
FNF:2
FNH:2
FNDA:2,(anonymous_1)
FNDA:2,(anonymous_2)
DA:1,1
DA:2,2
DA:3,2
DA:5,2
DA:6,2
DA:7,2
DA:8,10
DA:9,0
DA:12,10
DA:13,10
DA:14,10
DA:15,10
DA:16,10
DA:17,2
DA:18,2
DA:21,2
DA:22,2
DA:23,2
DA:25,2
DA:27,2
DA:29,2
DA:31,2
DA:33,2
DA:34,1
DA:36,1
LF:25
LH:24
BRDA:8,1,0,0
BRDA:8,1,1,10
BRDA:12,2,0,0
BRDA:12,2,1,10
BRDA:16,3,0,2
BRDA:16,3,1,8
BRDA:16,4,0,10
BRDA:16,4,1,4
BRDA:22,5,0,2
BRDA:22,5,1,0
BRDA:33,6,0,1
BRDA:33,6,1,1
BRF:12
BRH:9
end_of_record
TN:
SF:t/generated/b8n.array8_t13-10_b8n.js
FN:1,(anonymous_1)
FN:2,(anonymous_2)
FNF:2
FNH:2
FNDA:1,(anonymous_1)
FNDA:1,(anonymous_2)
DA:1,1
DA:2,1
DA:3,1
DA:5,1
DA:6,1
DA:7,1
DA:8,5
DA:9,0
DA:12,5
DA:13,5
DA:14,5
DA:15,5
DA:16,5
DA:17,1
DA:18,1
DA:21,1
DA:22,1
DA:23,1
DA:25,1
DA:27,1
DA:28,0
DA:31,1
DA:33,1
DA:35,1
DA:37,1
DA:39,1
DA:40,0
DA:42,1
LF:28
LH:25
BRDA:8,1,0,0
BRDA:8,1,1,5
BRDA:12,2,0,0
BRDA:12,2,1,5
BRDA:16,3,0,1
BRDA:16,3,1,4
BRDA:16,4,0,5
BRDA:16,4,1,2
BRDA:22,5,0,1
BRDA:22,5,1,0
BRDA:27,6,0,0
BRDA:27,6,1,1
BRDA:39,7,0,0
BRDA:39,7,1,1
BRF:14
BRH:9
end_of_record
TN:
SF:t/generated/b8n.array1.7976931348623157e+308_t0.js
FN:1,(anonymous_1)
FN:2,(anonymous_2)
FNF:2
FNH:2
FNDA:1,(anonymous_1)
FNDA:1,(anonymous_2)
DA:1,1
DA:2,1
DA:3,1
DA:5,1
DA:6,1
DA:7,1
DA:8,8
DA:9,0
DA:12,8
DA:13,8
DA:14,8
DA:15,7
DA:17,1
DA:19,1
DA:21,1
DA:23,1
DA:25,1
DA:26,0
DA:28,1
LF:19
LH:17
BRDA:8,1,0,0
BRDA:8,1,1,8
BRDA:14,2,0,1
BRDA:14,2,1,7
BRDA:25,3,0,0
BRDA:25,3,1,1
BRF:6
BRH:4
end_of_record
TN:
SF:t/generated/b8n$x2n$Sb3n$x3n.js
FN:1,(anonymous_1)
FN:2,(anonymous_2)
FNF:2
FNH:2
FNDA:2,(anonymous_1)
FNDA:2,(anonymous_2)
DA:1,1
DA:2,2
DA:3,2
DA:5,2
DA:6,0
DA:9,2
DA:10,2
DA:11,2
DA:13,2
DA:15,2
DA:17,2
DA:19,2
DA:20,0
DA:22,2
LF:14
LH:12
BRDA:5,1,0,0
BRDA:5,1,1,2
BRDA:11,2,0,1
BRDA:11,2,1,1
BRDA:19,3,0,0
BRDA:19,3,1,2
BRF:6
BRH:4
end_of_record
TN:
SF:t/generated/l16n_b8n.js
FN:1,(anonymous_1)
FN:2,(anonymous_2)
FNF:2
FNH:2
FNDA:2,(anonymous_1)
FNDA:2,(anonymous_2)
DA:1,1
DA:2,2
DA:3,2
DA:5,2
DA:6,0
DA:9,2
DA:13,2
DA:15,2
DA:17,2
DA:19,2
DA:21,2
DA:22,1
DA:24,1
LF:13
LH:12
BRDA:5,1,0,0
BRDA:5,1,1,2
BRDA:21,2,0,1
BRDA:21,2,1,1
BRF:4
BRH:3
end_of_record
TN:
SF:t/generated/b8n.array8_t0.js
FN:1,(anonymous_1)
FN:2,(anonymous_2)
FNF:2
FNH:2
FNDA:1,(anonymous_1)
FNDA:1,(anonymous_2)
DA:1,1
DA:2,1
DA:3,1
DA:5,1
DA:6,1
DA:7,1
DA:8,4
DA:9,4
DA:10,0
DA:13,4
DA:14,4
DA:15,4
DA:16,3
DA:18,1
DA:19,1
DA:20,1
DA:22,1
DA:24,1
DA:26,1
DA:28,1
DA:30,1
DA:31,0
DA:33,1
LF:23
LH:21
BRDA:8,1,0,0
BRDA:8,1,1,4
BRDA:9,2,0,0
BRDA:9,2,1,4
BRDA:15,3,0,1
BRDA:15,3,1,3
BRDA:19,4,0,1
BRDA:19,4,1,0
BRDA:30,5,0,0
BRDA:30,5,1,1
BRF:10
BRH:6
end_of_record
TN:
SF:t/generated/b8n#bool_b8n#bool.js
FN:1,(anonymous_1)
FN:2,(anonymous_2)
FNF:2
FNH:2
FNDA:1,(anonymous_1)
FNDA:1,(anonymous_2)
DA:1,1
DA:2,1
DA:3,1
DA:5,1
DA:6,0
DA:9,1
DA:10,1
DA:11,1
DA:13,1
DA:14,1
DA:15,1
DA:17,1
DA:19,1
DA:21,1
DA:23,1
DA:24,0
DA:26,1
LF:17
LH:15
BRDA:5,1,0,0
BRDA:5,1,1,1
BRDA:23,2,0,0
BRDA:23,2,1,1
BRF:4
BRH:2
end_of_record
TN:
SF:t/generated/b8n.array@b16n$x1n$b15n@b8n@b8n@b16n$x1n$b15n@.js
FN:1,(anonymous_1)
FN:2,(anonymous_2)
FNF:2
FNH:2
FNDA:1,(anonymous_1)
FNDA:1,(anonymous_2)
DA:1,1
DA:2,1
DA:3,1
DA:5,1
DA:6,0
DA:9,1
DA:10,1
DA:11,0
DA:12,0
DA:15,0
DA:16,0
DA:19,0
DA:21,0
DA:23,1
DA:24,0
DA:27,1
DA:28,1
DA:30,1
DA:33,1
DA:35,1
DA:37,1
DA:39,1
DA:40,0
DA:42,1
LF:24
LH:15
BRDA:5,1,0,0
BRDA:5,1,1,1
BRDA:10,2,0,0
BRDA:10,2,1,1
BRDA:11,3,0,0
BRDA:11,3,1,0
BRDA:23,4,0,0
BRDA:23,4,1,1
BRDA:39,5,0,0
BRDA:39,5,1,1
BRF:10
BRH:4
end_of_record
